<?xml version="1.0" encoding="UTF-8"?>
<!-- Generated by org.testng.reporters.JUnitReportReporter -->
<testsuite skipped="0" hostname="Yamini-PC" name="GET_Rest_Assured.GET_Rest_Assured.JSON_Schema_Validation" tests="1" failures="0" timestamp="29 Jul 2021 10:54:04 GMT" time="16.329" errors="0">
  <testcase name="test_Get" time="16.329" classname="GET_Rest_Assured.GET_Rest_Assured.JSON_Schema_Validation"/>
</testsuite> <!-- GET_Rest_Assured.GET_Rest_Assured.JSON_Schema_Validation -->
