<?xml version="1.0" encoding="UTF-8"?>
<!-- Generated by org.testng.reporters.JUnitReportReporter -->
<testsuite skipped="0" hostname="Yamini-PC" name="GET_Rest_Assured.GET_Rest_Assured.Day2_POST" tests="2" failures="0" timestamp="26 Jul 2021 11:44:22 GMT" time="7.150" errors="0">
  <testcase name="test_02" time="7.090" classname="GET_Rest_Assured.GET_Rest_Assured.Day2_POST"/>
  <testcase name="test_01" time="0.060" classname="GET_Rest_Assured.GET_Rest_Assured.Day2_POST"/>
</testsuite> <!-- GET_Rest_Assured.GET_Rest_Assured.Day2_POST -->
