<?xml version="1.0" encoding="UTF-8"?>
<!-- Generated by org.testng.reporters.JUnitReportReporter -->
<testsuite skipped="0" hostname="Yamini-PC" name="GET_Rest_Assured.GET_Rest_Assured.BaseClassRestAssured" tests="1" failures="0" timestamp="27 Jul 2021 11:13:08 GMT" time="5.629" errors="0">
  <testcase name="test_Delete2parameter" time="5.629" classname="GET_Rest_Assured.GET_Rest_Assured.BaseClassRestAssured"/>
</testsuite> <!-- GET_Rest_Assured.GET_Rest_Assured.BaseClassRestAssured -->
