<?xml version="1.0" encoding="UTF-8"?>
<!-- Generated by org.testng.reporters.JUnitReportReporter -->
<testsuite skipped="0" hostname="Yamini-PC" name="GET_Rest_Assured.GET_Rest_Assured.SOAP_XML_Response" tests="1" failures="0" timestamp="02 Aug 2021 06:58:54 GMT" time="7.489" errors="0">
  <testcase name="validate_SOAP_XML_Res" time="7.489" classname="GET_Rest_Assured.GET_Rest_Assured.SOAP_XML_Response"/>
</testsuite> <!-- GET_Rest_Assured.GET_Rest_Assured.SOAP_XML_Response -->
