<?xml version="1.0" encoding="UTF-8"?>
<!-- Generated by org.testng.reporters.JUnitReportReporter -->
<testsuite skipped="0" hostname="Yamini-PC" name="GET_Rest_Assured.GET_Rest_Assured.Day2_Test_Get" tests="1" failures="0" timestamp="26 Jul 2021 10:48:35 GMT" time="8.158" errors="0">
  <testcase name="test_01" time="8.158" classname="GET_Rest_Assured.GET_Rest_Assured.Day2_Test_Get"/>
</testsuite> <!-- GET_Rest_Assured.GET_Rest_Assured.Day2_Test_Get -->
