<?xml version="1.0" encoding="UTF-8"?>
<!-- Generated by org.testng.reporters.JUnitReportReporter -->
<testsuite skipped="0" hostname="Yamini-PC" name="GET_Rest_Assured.GET_Rest_Assured.GET_Rest_Assured" tests="2" failures="0" timestamp="26 Jul 2021 09:36:49 GMT" time="9.333" errors="0">
  <testcase name="test_02" time="2.814" classname="GET_Rest_Assured.GET_Rest_Assured.GET_Rest_Assured"/>
  <testcase name="test_01" time="6.519" classname="GET_Rest_Assured.GET_Rest_Assured.GET_Rest_Assured"/>
</testsuite> <!-- GET_Rest_Assured.GET_Rest_Assured.GET_Rest_Assured -->
