<?xml version="1.0" encoding="UTF-8"?>
<!-- Generated by org.testng.reporters.JUnitReportReporter -->
<testsuite skipped="0" hostname="Yamini-PC" name="GET_Rest_Assured.GET_Rest_Assured.Day2_PUT$Day2_POST" tests="1" failures="0" timestamp="26 Jul 2021 11:50:43 GMT" time="6.131" errors="0">
  <testcase name="test_01" time="6.131" classname="GET_Rest_Assured.GET_Rest_Assured.Day2_PUT$Day2_POST"/>
</testsuite> <!-- GET_Rest_Assured.GET_Rest_Assured.Day2_PUT$Day2_POST -->
