<?xml version="1.0" encoding="UTF-8"?>
<!-- Generated by org.testng.reporters.JUnitReportReporter -->
<testsuite skipped="0" hostname="Yamini-PC" name="GET_Rest_Assured.GET_Rest_Assured.Day2_DELETE" tests="1" failures="0" timestamp="26 Jul 2021 12:05:57 GMT" time="5.500" errors="0">
  <testcase name="test_01" time="5.500" classname="GET_Rest_Assured.GET_Rest_Assured.Day2_DELETE"/>
</testsuite> <!-- GET_Rest_Assured.GET_Rest_Assured.Day2_DELETE -->
