<?xml version="1.0" encoding="UTF-8"?>
<!-- Generated by org.testng.reporters.JUnitReportReporter -->
<testsuite skipped="0" hostname="Yamini-PC" name="GET_Rest_Assured.GET_Rest_Assured.Day4_Data_driven" tests="4" failures="0" timestamp="27 Jul 2021 10:45:40 GMT" time="4.486" errors="0">
  <testcase name="test_Post" time="0.080" classname="GET_Rest_Assured.GET_Rest_Assured.Day4_Data_driven"/>
  <testcase name="test_Post" time="0.093" classname="GET_Rest_Assured.GET_Rest_Assured.Day4_Data_driven"/>
  <testcase name="test_Post" time="0.088" classname="GET_Rest_Assured.GET_Rest_Assured.Day4_Data_driven"/>
  <testcase name="test_Post" time="4.225" classname="GET_Rest_Assured.GET_Rest_Assured.Day4_Data_driven"/>
</testsuite> <!-- GET_Rest_Assured.GET_Rest_Assured.Day4_Data_driven -->
