<?xml version="1.0" encoding="UTF-8"?>
<!-- Generated by org.testng.reporters.JUnitReportReporter -->
<testsuite skipped="0" hostname="Yamini-PC" name="GET_Rest_Assured.GET_Rest_Assured.Day6_XML_Schema_Validation" tests="1" failures="0" timestamp="02 Aug 2021 08:32:42 GMT" time="5.972" errors="1">
  <testcase name="test_01" time="5.972" classname="GET_Rest_Assured.GET_Rest_Assured.Day6_XML_Schema_Validation">
    <error type="groovy.lang.GroovyRuntimeException" message="Ambiguous method overloading for method io.restassured.internal.matcher.xml.XmlXsdMatcher#matchesXsd.
Cannot resolve which method to invoke for [null] due to overlapping prototypes between:
	[class java.io.File]
	[class java.io.InputStream]
	[class java.io.Reader]
	[class java.lang.String]
	[class java.net.URL]">
      <![CDATA[groovy.lang.GroovyRuntimeException: Ambiguous method overloading for method io.restassured.internal.matcher.xml.XmlXsdMatcher#matchesXsd.
Cannot resolve which method to invoke for [null] due to overlapping prototypes between:
[class java.io.File]
[class java.io.InputStream]
[class java.io.Reader]
[class java.lang.String]
[class java.net.URL]
at groovy.lang.MetaClassImpl.doChooseMostSpecificParams(MetaClassImpl.java:3385)
at groovy.lang.MetaClassImpl.chooseMostSpecificParams(MetaClassImpl.java:3361)
at groovy.lang.MetaClassImpl.chooseMethodInternal(MetaClassImpl.java:3351)
at groovy.lang.MetaClassImpl.chooseMethod(MetaClassImpl.java:3295)
at groovy.lang.MetaClassImpl.pickStaticMethod(MetaClassImpl.java:1594)
at groovy.lang.MetaClassImpl.retrieveStaticMethod(MetaClassImpl.java:1491)
at groovy.lang.MetaClassImpl.createStaticSite(MetaClassImpl.java:3549)
at org.codehaus.groovy.runtime.callsite.CallSiteArray.createCallStaticSite(CallSiteArray.java:74)
at org.codehaus.groovy.runtime.callsite.CallSiteArray.defaultCallStatic(CallSiteArray.java:55)
at org.codehaus.groovy.runtime.callsite.AbstractCallSite.callStatic(AbstractCallSite.java:217)
at org.codehaus.groovy.runtime.callsite.AbstractCallSite.callStatic(AbstractCallSite.java:231)
at io.restassured.internal.matcher.xml.XmlXsdMatcher.matchesXsdInClasspath(XmlXsdMatcher.groovy:95)
at io.restassured.matcher.RestAssuredMatchers.matchesXsdInClasspath(RestAssuredMatchers.java:83)
at GET_Rest_Assured.GET_Rest_Assured.Day6_XML_Schema_Validation.test_01(Day6_XML_Schema_Validation.java:44)
at sun.reflect.NativeMethodAccessorImpl.invoke0(Native Method)
at sun.reflect.NativeMethodAccessorImpl.invoke(NativeMethodAccessorImpl.java:62)
at sun.reflect.DelegatingMethodAccessorImpl.invoke(DelegatingMethodAccessorImpl.java:43)
at java.lang.reflect.Method.invoke(Method.java:498)
at org.testng.internal.MethodInvocationHelper.invokeMethod(MethodInvocationHelper.java:124)
at org.testng.internal.Invoker.invokeMethod(Invoker.java:583)
at org.testng.internal.Invoker.invokeTestMethod(Invoker.java:719)
at org.testng.internal.Invoker.invokeTestMethods(Invoker.java:989)
at org.testng.internal.TestMethodWorker.invokeTestMethods(TestMethodWorker.java:125)
at org.testng.internal.TestMethodWorker.run(TestMethodWorker.java:109)
at org.testng.TestRunner.privateRun(TestRunner.java:648)
at org.testng.TestRunner.run(TestRunner.java:505)
at org.testng.SuiteRunner.runTest(SuiteRunner.java:455)
at org.testng.SuiteRunner.runSequentially(SuiteRunner.java:450)
at org.testng.SuiteRunner.privateRun(SuiteRunner.java:415)
at org.testng.SuiteRunner.run(SuiteRunner.java:364)
at org.testng.SuiteRunnerWorker.runSuite(SuiteRunnerWorker.java:52)
at org.testng.SuiteRunnerWorker.run(SuiteRunnerWorker.java:84)
at org.testng.TestNG.runSuitesSequentially(TestNG.java:1208)
at org.testng.TestNG.runSuitesLocally(TestNG.java:1137)
at org.testng.TestNG.runSuites(TestNG.java:1049)
at org.testng.TestNG.run(TestNG.java:1017)
at org.testng.remote.AbstractRemoteTestNG.run(AbstractRemoteTestNG.java:132)
at org.testng.remote.RemoteTestNG.initAndRun(RemoteTestNG.java:230)
at org.testng.remote.RemoteTestNG.main(RemoteTestNG.java:76)
]]>
    </error>
  </testcase> <!-- test_01 -->
</testsuite> <!-- GET_Rest_Assured.GET_Rest_Assured.Day6_XML_Schema_Validation -->
